2026-04-19 19:19:48 [INFO] Main - Iniciando sistema de Mediateca
2026-04-19 19:19:48 [ERROR] Main - Error en el sistema
java.sql.SQLInvalidAuthorizationSpecException: (conn=8) Access denied for user 'root'@'localhost' (using password: NO)
	at org.mariadb.jdbc.export.ExceptionFactory.createException(ExceptionFactory.java:293) ~[mariadb-java-client-3.3.3.jar:?]
	at org.mariadb.jdbc.export.ExceptionFactory.create(ExceptionFactory.java:378) ~[mariadb-java-client-3.3.3.jar:?]
	at org.mariadb.jdbc.client.impl.ConnectionHelper.authenticationHandler(ConnectionHelper.java:279) ~[mariadb-java-client-3.3.3.jar:?]
	at org.mariadb.jdbc.client.impl.StandardClient.<init>(StandardClient.java:195) ~[mariadb-java-client-3.3.3.jar:?]
	at org.mariadb.jdbc.Driver.connect(Driver.java:69) ~[mariadb-java-client-3.3.3.jar:?]
	at org.mariadb.jdbc.Driver.connect(Driver.java:95) ~[mariadb-java-client-3.3.3.jar:?]
	at org.mariadb.jdbc.Driver.connect(Driver.java:26) ~[mariadb-java-client-3.3.3.jar:?]
	at java.sql/java.sql.DriverManager.getConnection(DriverManager.java:613) ~[java.sql:?]
	at java.sql/java.sql.DriverManager.getConnection(DriverManager.java:199) ~[java.sql:?]
	at dao.ConexionDB.getConnection(ConexionDB.java:20) ~[classes/:?]
	at dao.LibroDAO.sincronizarContador(LibroDAO.java:15) ~[classes/:?]
	at servicio.MediatecaService.sincronizarContadores(MediatecaService.java:24) ~[classes/:?]
	at main.Main.main(Main.java:20) [classes/:?]
2026-04-19 19:26:46 [INFO] Main - Iniciando sistema de Mediateca
2026-04-19 19:26:47 [ERROR] Main - Error en el sistema
java.sql.SQLException: RSA public key is not available client side (option serverRsaPublicKeyFile not set)
	at org.mariadb.jdbc.plugin.authentication.standard.CachingSha2PasswordPlugin.process(CachingSha2PasswordPlugin.java:221) ~[mariadb-java-client-3.3.3.jar:?]
	at org.mariadb.jdbc.client.impl.ConnectionHelper.authenticationHandler(ConnectionHelper.java:268) ~[mariadb-java-client-3.3.3.jar:?]
	at org.mariadb.jdbc.client.impl.StandardClient.<init>(StandardClient.java:195) ~[mariadb-java-client-3.3.3.jar:?]
	at org.mariadb.jdbc.Driver.connect(Driver.java:69) ~[mariadb-java-client-3.3.3.jar:?]
	at org.mariadb.jdbc.Driver.connect(Driver.java:95) ~[mariadb-java-client-3.3.3.jar:?]
	at org.mariadb.jdbc.Driver.connect(Driver.java:26) ~[mariadb-java-client-3.3.3.jar:?]
	at java.sql/java.sql.DriverManager.getConnection(DriverManager.java:613) ~[java.sql:?]
	at java.sql/java.sql.DriverManager.getConnection(DriverManager.java:199) ~[java.sql:?]
	at dao.ConexionDB.getConnection(ConexionDB.java:20) ~[classes/:?]
	at dao.LibroDAO.sincronizarContador(LibroDAO.java:15) ~[classes/:?]
	at servicio.MediatecaService.sincronizarContadores(MediatecaService.java:24) ~[classes/:?]
	at main.Main.main(Main.java:20) [classes/:?]
2026-04-19 19:27:50 [INFO] Main - Iniciando sistema de Mediateca
2026-04-19 19:27:50 [ERROR] Main - Error en el sistema
java.sql.SQLException: RSA public key is not available client side (option serverRsaPublicKeyFile not set)
	at org.mariadb.jdbc.plugin.authentication.standard.CachingSha2PasswordPlugin.process(CachingSha2PasswordPlugin.java:221) ~[mariadb-java-client-3.3.3.jar:?]
	at org.mariadb.jdbc.client.impl.ConnectionHelper.authenticationHandler(ConnectionHelper.java:268) ~[mariadb-java-client-3.3.3.jar:?]
	at org.mariadb.jdbc.client.impl.StandardClient.<init>(StandardClient.java:195) ~[mariadb-java-client-3.3.3.jar:?]
	at org.mariadb.jdbc.Driver.connect(Driver.java:69) ~[mariadb-java-client-3.3.3.jar:?]
	at org.mariadb.jdbc.Driver.connect(Driver.java:95) ~[mariadb-java-client-3.3.3.jar:?]
	at org.mariadb.jdbc.Driver.connect(Driver.java:26) ~[mariadb-java-client-3.3.3.jar:?]
	at java.sql/java.sql.DriverManager.getConnection(DriverManager.java:613) ~[java.sql:?]
	at java.sql/java.sql.DriverManager.getConnection(DriverManager.java:199) ~[java.sql:?]
	at dao.ConexionDB.getConnection(ConexionDB.java:20) ~[classes/:?]
	at dao.LibroDAO.sincronizarContador(LibroDAO.java:15) ~[classes/:?]
	at servicio.MediatecaService.sincronizarContadores(MediatecaService.java:24) ~[classes/:?]
	at main.Main.main(Main.java:20) [classes/:?]
2026-04-19 19:28:18 [INFO] Main - Iniciando sistema de Mediateca
2026-04-19 19:28:18 [ERROR] Main - Error en el sistema
java.sql.SQLException: RSA public key is not available client side (option serverRsaPublicKeyFile not set)
	at org.mariadb.jdbc.plugin.authentication.standard.CachingSha2PasswordPlugin.process(CachingSha2PasswordPlugin.java:221) ~[mariadb-java-client-3.3.3.jar:?]
	at org.mariadb.jdbc.client.impl.ConnectionHelper.authenticationHandler(ConnectionHelper.java:268) ~[mariadb-java-client-3.3.3.jar:?]
	at org.mariadb.jdbc.client.impl.StandardClient.<init>(StandardClient.java:195) ~[mariadb-java-client-3.3.3.jar:?]
	at org.mariadb.jdbc.Driver.connect(Driver.java:69) ~[mariadb-java-client-3.3.3.jar:?]
	at org.mariadb.jdbc.Driver.connect(Driver.java:95) ~[mariadb-java-client-3.3.3.jar:?]
	at org.mariadb.jdbc.Driver.connect(Driver.java:26) ~[mariadb-java-client-3.3.3.jar:?]
	at java.sql/java.sql.DriverManager.getConnection(DriverManager.java:613) ~[java.sql:?]
	at java.sql/java.sql.DriverManager.getConnection(DriverManager.java:199) ~[java.sql:?]
	at dao.ConexionDB.getConnection(ConexionDB.java:20) ~[classes/:?]
	at dao.LibroDAO.sincronizarContador(LibroDAO.java:15) ~[classes/:?]
	at servicio.MediatecaService.sincronizarContadores(MediatecaService.java:24) ~[classes/:?]
	at main.Main.main(Main.java:20) [classes/:?]
2026-04-19 19:33:36 [INFO] Main - Iniciando sistema de Mediateca
2026-04-19 19:33:36 [ERROR] ConexionDB - Error al conectar a la base de datos
java.sql.SQLException: RSA public key is not available client side (option serverRsaPublicKeyFile not set)
	at org.mariadb.jdbc.plugin.authentication.standard.CachingSha2PasswordPlugin.process(CachingSha2PasswordPlugin.java:221) ~[mariadb-java-client-3.3.3.jar:?]
	at org.mariadb.jdbc.client.impl.ConnectionHelper.authenticationHandler(ConnectionHelper.java:268) ~[mariadb-java-client-3.3.3.jar:?]
	at org.mariadb.jdbc.client.impl.StandardClient.<init>(StandardClient.java:195) ~[mariadb-java-client-3.3.3.jar:?]
	at org.mariadb.jdbc.Driver.connect(Driver.java:69) ~[mariadb-java-client-3.3.3.jar:?]
	at org.mariadb.jdbc.Driver.connect(Driver.java:95) ~[mariadb-java-client-3.3.3.jar:?]
	at org.mariadb.jdbc.Driver.connect(Driver.java:26) ~[mariadb-java-client-3.3.3.jar:?]
	at java.sql/java.sql.DriverManager.getConnection(DriverManager.java:613) ~[java.sql:?]
	at java.sql/java.sql.DriverManager.getConnection(DriverManager.java:199) ~[java.sql:?]
	at dao.ConexionDB.getConnection(ConexionDB.java:29) [classes/:?]
	at dao.LibroDAO.sincronizarContador(LibroDAO.java:15) [classes/:?]
	at servicio.MediatecaService.sincronizarContadores(MediatecaService.java:24) [classes/:?]
	at main.Main.main(Main.java:20) [classes/:?]
2026-04-19 19:33:36 [ERROR] Main - Error en el sistema
java.sql.SQLException: RSA public key is not available client side (option serverRsaPublicKeyFile not set)
	at org.mariadb.jdbc.plugin.authentication.standard.CachingSha2PasswordPlugin.process(CachingSha2PasswordPlugin.java:221) ~[mariadb-java-client-3.3.3.jar:?]
	at org.mariadb.jdbc.client.impl.ConnectionHelper.authenticationHandler(ConnectionHelper.java:268) ~[mariadb-java-client-3.3.3.jar:?]
	at org.mariadb.jdbc.client.impl.StandardClient.<init>(StandardClient.java:195) ~[mariadb-java-client-3.3.3.jar:?]
	at org.mariadb.jdbc.Driver.connect(Driver.java:69) ~[mariadb-java-client-3.3.3.jar:?]
	at org.mariadb.jdbc.Driver.connect(Driver.java:95) ~[mariadb-java-client-3.3.3.jar:?]
	at org.mariadb.jdbc.Driver.connect(Driver.java:26) ~[mariadb-java-client-3.3.3.jar:?]
	at java.sql/java.sql.DriverManager.getConnection(DriverManager.java:613) ~[java.sql:?]
	at java.sql/java.sql.DriverManager.getConnection(DriverManager.java:199) ~[java.sql:?]
	at dao.ConexionDB.getConnection(ConexionDB.java:29) ~[classes/:?]
	at dao.LibroDAO.sincronizarContador(LibroDAO.java:15) ~[classes/:?]
	at servicio.MediatecaService.sincronizarContadores(MediatecaService.java:24) ~[classes/:?]
	at main.Main.main(Main.java:20) [classes/:?]
2026-04-19 19:40:15 [INFO] Main - Iniciando sistema de Mediateca
2026-04-19 19:40:15 [ERROR] ConexionDB - Error al conectar a la base de datos
java.sql.SQLInvalidAuthorizationSpecException: (conn=13) Access denied for user 'root'@'localhost' (using password: YES)
	at org.mariadb.jdbc.export.ExceptionFactory.createException(ExceptionFactory.java:293) ~[mariadb-java-client-3.3.3.jar:?]
	at org.mariadb.jdbc.export.ExceptionFactory.create(ExceptionFactory.java:378) ~[mariadb-java-client-3.3.3.jar:?]
	at org.mariadb.jdbc.client.impl.ConnectionHelper.authenticationHandler(ConnectionHelper.java:279) ~[mariadb-java-client-3.3.3.jar:?]
	at org.mariadb.jdbc.client.impl.StandardClient.<init>(StandardClient.java:195) ~[mariadb-java-client-3.3.3.jar:?]
	at org.mariadb.jdbc.Driver.connect(Driver.java:69) ~[mariadb-java-client-3.3.3.jar:?]
	at org.mariadb.jdbc.Driver.connect(Driver.java:95) ~[mariadb-java-client-3.3.3.jar:?]
	at org.mariadb.jdbc.Driver.connect(Driver.java:26) ~[mariadb-java-client-3.3.3.jar:?]
	at java.sql/java.sql.DriverManager.getConnection(DriverManager.java:613) ~[java.sql:?]
	at java.sql/java.sql.DriverManager.getConnection(DriverManager.java:199) ~[java.sql:?]
	at dao.ConexionDB.getConnection(ConexionDB.java:28) [classes/:?]
	at dao.LibroDAO.sincronizarContador(LibroDAO.java:15) [classes/:?]
	at servicio.MediatecaService.sincronizarContadores(MediatecaService.java:24) [classes/:?]
	at main.Main.main(Main.java:20) [classes/:?]
2026-04-19 19:40:15 [ERROR] Main - Error en el sistema
java.sql.SQLInvalidAuthorizationSpecException: (conn=13) Access denied for user 'root'@'localhost' (using password: YES)
	at org.mariadb.jdbc.export.ExceptionFactory.createException(ExceptionFactory.java:293) ~[mariadb-java-client-3.3.3.jar:?]
	at org.mariadb.jdbc.export.ExceptionFactory.create(ExceptionFactory.java:378) ~[mariadb-java-client-3.3.3.jar:?]
	at org.mariadb.jdbc.client.impl.ConnectionHelper.authenticationHandler(ConnectionHelper.java:279) ~[mariadb-java-client-3.3.3.jar:?]
	at org.mariadb.jdbc.client.impl.StandardClient.<init>(StandardClient.java:195) ~[mariadb-java-client-3.3.3.jar:?]
	at org.mariadb.jdbc.Driver.connect(Driver.java:69) ~[mariadb-java-client-3.3.3.jar:?]
	at org.mariadb.jdbc.Driver.connect(Driver.java:95) ~[mariadb-java-client-3.3.3.jar:?]
	at org.mariadb.jdbc.Driver.connect(Driver.java:26) ~[mariadb-java-client-3.3.3.jar:?]
	at java.sql/java.sql.DriverManager.getConnection(DriverManager.java:613) ~[java.sql:?]
	at java.sql/java.sql.DriverManager.getConnection(DriverManager.java:199) ~[java.sql:?]
	at dao.ConexionDB.getConnection(ConexionDB.java:28) ~[classes/:?]
	at dao.LibroDAO.sincronizarContador(LibroDAO.java:15) ~[classes/:?]
	at servicio.MediatecaService.sincronizarContadores(MediatecaService.java:24) ~[classes/:?]
	at main.Main.main(Main.java:20) [classes/:?]
2026-04-19 19:42:23 [INFO] Main - Iniciando sistema de Mediateca
2026-04-19 19:42:23 [ERROR] ConexionDB - Error al conectar a la base de datos
java.sql.SQLInvalidAuthorizationSpecException: (conn=14) Access denied for user 'root'@'localhost' (using password: YES)
	at org.mariadb.jdbc.export.ExceptionFactory.createException(ExceptionFactory.java:293) ~[mariadb-java-client-3.3.3.jar:?]
	at org.mariadb.jdbc.export.ExceptionFactory.create(ExceptionFactory.java:378) ~[mariadb-java-client-3.3.3.jar:?]
	at org.mariadb.jdbc.client.impl.ConnectionHelper.authenticationHandler(ConnectionHelper.java:279) ~[mariadb-java-client-3.3.3.jar:?]
	at org.mariadb.jdbc.client.impl.StandardClient.<init>(StandardClient.java:195) ~[mariadb-java-client-3.3.3.jar:?]
	at org.mariadb.jdbc.Driver.connect(Driver.java:69) ~[mariadb-java-client-3.3.3.jar:?]
	at org.mariadb.jdbc.Driver.connect(Driver.java:95) ~[mariadb-java-client-3.3.3.jar:?]
	at org.mariadb.jdbc.Driver.connect(Driver.java:26) ~[mariadb-java-client-3.3.3.jar:?]
	at java.sql/java.sql.DriverManager.getConnection(DriverManager.java:613) ~[java.sql:?]
	at java.sql/java.sql.DriverManager.getConnection(DriverManager.java:199) ~[java.sql:?]
	at dao.ConexionDB.getConnection(ConexionDB.java:28) [classes/:?]
	at dao.LibroDAO.sincronizarContador(LibroDAO.java:15) [classes/:?]
	at servicio.MediatecaService.sincronizarContadores(MediatecaService.java:24) [classes/:?]
	at main.Main.main(Main.java:20) [classes/:?]
2026-04-19 19:42:23 [ERROR] Main - Error en el sistema
java.sql.SQLInvalidAuthorizationSpecException: (conn=14) Access denied for user 'root'@'localhost' (using password: YES)
	at org.mariadb.jdbc.export.ExceptionFactory.createException(ExceptionFactory.java:293) ~[mariadb-java-client-3.3.3.jar:?]
	at org.mariadb.jdbc.export.ExceptionFactory.create(ExceptionFactory.java:378) ~[mariadb-java-client-3.3.3.jar:?]
	at org.mariadb.jdbc.client.impl.ConnectionHelper.authenticationHandler(ConnectionHelper.java:279) ~[mariadb-java-client-3.3.3.jar:?]
	at org.mariadb.jdbc.client.impl.StandardClient.<init>(StandardClient.java:195) ~[mariadb-java-client-3.3.3.jar:?]
	at org.mariadb.jdbc.Driver.connect(Driver.java:69) ~[mariadb-java-client-3.3.3.jar:?]
	at org.mariadb.jdbc.Driver.connect(Driver.java:95) ~[mariadb-java-client-3.3.3.jar:?]
	at org.mariadb.jdbc.Driver.connect(Driver.java:26) ~[mariadb-java-client-3.3.3.jar:?]
	at java.sql/java.sql.DriverManager.getConnection(DriverManager.java:613) ~[java.sql:?]
	at java.sql/java.sql.DriverManager.getConnection(DriverManager.java:199) ~[java.sql:?]
	at dao.ConexionDB.getConnection(ConexionDB.java:28) ~[classes/:?]
	at dao.LibroDAO.sincronizarContador(LibroDAO.java:15) ~[classes/:?]
	at servicio.MediatecaService.sincronizarContadores(MediatecaService.java:24) ~[classes/:?]
	at main.Main.main(Main.java:20) [classes/:?]
2026-04-19 21:18:44 [INFO] Main - Iniciando sistema de Mediateca
2026-04-19 21:18:44 [INFO] ConexionDB - Conexión exitosa a la base de datos
2026-04-19 21:18:44 [ERROR] Main - Error en el sistema
java.sql.SQLSyntaxErrorException: (conn=4) Table 'mediateca.libros' doesn't exist
	at org.mariadb.jdbc.export.ExceptionFactory.createException(ExceptionFactory.java:289) ~[mariadb-java-client-3.3.3.jar:?]
	at org.mariadb.jdbc.export.ExceptionFactory.create(ExceptionFactory.java:378) ~[mariadb-java-client-3.3.3.jar:?]
	at org.mariadb.jdbc.message.ClientMessage.readPacket(ClientMessage.java:172) ~[mariadb-java-client-3.3.3.jar:?]
	at org.mariadb.jdbc.client.impl.StandardClient.readPacket(StandardClient.java:915) ~[mariadb-java-client-3.3.3.jar:?]
	at org.mariadb.jdbc.client.impl.StandardClient.readResults(StandardClient.java:854) ~[mariadb-java-client-3.3.3.jar:?]
	at org.mariadb.jdbc.client.impl.StandardClient.readResponse(StandardClient.java:773) ~[mariadb-java-client-3.3.3.jar:?]
	at org.mariadb.jdbc.client.impl.StandardClient.execute(StandardClient.java:697) ~[mariadb-java-client-3.3.3.jar:?]
	at org.mariadb.jdbc.Statement.executeInternal(Statement.java:1035) ~[mariadb-java-client-3.3.3.jar:?]
	at org.mariadb.jdbc.Statement.executeQuery(Statement.java:166) ~[mariadb-java-client-3.3.3.jar:?]
	at dao.LibroDAO.sincronizarContador(LibroDAO.java:17) ~[classes/:?]
	at servicio.MediatecaService.sincronizarContadores(MediatecaService.java:24) ~[classes/:?]
	at main.Main.main(Main.java:20) [classes/:?]
2026-04-19 21:23:35 [INFO] Main - Iniciando sistema de Mediateca
2026-04-19 21:23:35 [INFO] ConexionDB - Conexión exitosa a la base de datos
2026-04-19 21:23:35 [INFO] ConexionDB - Conexión exitosa a la base de datos
2026-04-19 21:23:35 [INFO] ConexionDB - Conexión exitosa a la base de datos
2026-04-19 21:23:35 [INFO] ConexionDB - Conexión exitosa a la base de datos
2026-04-19 21:23:35 [INFO] ConexionDB - Conexión exitosa a la base de datos
2026-04-19 21:23:35 [INFO] Main - Libro agregado: LIB00001
2026-04-19 21:23:35 [INFO] ConexionDB - Conexión exitosa a la base de datos
2026-04-19 21:23:35 [INFO] ConexionDB - Conexión exitosa a la base de datos
2026-04-19 21:23:35 [INFO] ConexionDB - Conexión exitosa a la base de datos
2026-04-19 21:23:35 [INFO] ConexionDB - Conexión exitosa a la base de datos
2026-04-19 21:23:35 [INFO] Main - Total de materiales: 1
